c[?7l[2J[0mSeaBIOS (version 1.13.0-1ubuntu1.1)


iPXE (http://ipxe.org) 00:03.0 CA00 PCI2.10 PnP PMM+07F8CA10+07ECCA10 CA00
Press Ctrl-B to configure iPXE (PCI 00:03.0)...                                                                               


Booting from Hard Disk..(THU.CST) os is loading ...

Special kernel symbols:
  entry  0xc0100036 (phys)
  etext  0xc010611e (phys)
  edata  0xc011c000 (phys)
  end    0xc011cf28 (phys)
Kernel executable memory footprint: 116KB
ebp:0xc0118f38 eip:0xc0100ae9 args:0x00010094 0x00010094 0xc0118f68 0xc01000cc 
    kern/debug/kdebug.c:308: print_stackframe+25
ebp:0xc0118f48 eip:0xc0100deb args:0x00000000 0x00000000 0x00000000 0xc0118fb8 
    kern/debug/kmonitor.c:129: mon_backtrace+14
ebp:0xc0118f68 eip:0xc01000cc args:0x00000000 0xc0118f90 0xffff0000 0xc0118f94 
    kern/init/init.c:49: grade_backtrace2+37
ebp:0xc0118f88 eip:0xc01000fa args:0x00000000 0xffff0000 0xc0118fb4 0x0000002a 
    kern/init/init.c:54: grade_backtrace1+42
ebp:0xc0118fa8 eip:0xc010011d args:0x00000000 0xc0100036 0xffff0000 0x0000001d 
    kern/init/init.c:59: grade_backtrace0+27
ebp:0xc0118fc8 eip:0xc0100147 args:0xc010613c 0xc0106120 0x00000f28 0x00000000 
    kern/init/init.c:64: grade_backtrace+38
ebp:0xc0118ff8 eip:0xc010008b args:0xc010631c 0xc0106324 0xc0100d67 0xc0106343 
    kern/init/init.c:29: kern_init+84
memory management: default_pmm_manager
e820map:
  memory: 0009fc00, [00000000, 0009fbff], type = 1.
  memory: 00000400, [0009fc00, 0009ffff], type = 2.
  memory: 00010000, [000f0000, 000fffff], type = 2.
  memory: 07ee0000, [00100000, 07fdffff], type = 1.
  memory: 00020000, [07fe0000, 07ffffff], type = 2.
  memory: 00040000, [fffc0000, ffffffff], type = 2.
check_alloc_page() succeeded!
check_pgdir() succeeded!
check_boot_pgdir() succeeded!
-------------------- BEGIN --------------------
PDE(0e0) c0000000-f8000000 38000000 urw
  |-- PTE(38000) c0000000-f8000000 38000000 -rw
PDE(001) fac00000-fb000000 00400000 -rw
  |-- PTE(000e0) faf00000-fafe0000 000e0000 urw
  |-- PTE(00001) fafeb000-fafec000 00001000 -rw
--------------------- END ---------------------
++ setup timer interrupts
100 ticks
End of Test.
kernel panic at kern/trap/trap.c:18:
    EOT: kernel seems ok.
stack trackback:
ebp:0xc0118ee0 eip:0xc0100ae9 args:0xc01061e8 0xc0118f24 0x00000012 0xc0118f5c 
    kern/debug/kdebug.c:308: print_stackframe+25
ebp:0xc0118f10 eip:0xc0100492 args:0xc01064ae 0x00000012 0xc0106498 0x00000003 
    kern/debug/panic.c:27: __panic+107
ebp:0xc0118f30 eip:0xc01019d0 args:0xc0118f68 0xc01002b5 0xc010025e 0xc0118f5c 
    kern/trap/trap.c:0: print_ticks+69
ebp:0xc0118f60 eip:0xc0101e1a args:0xc0118f8c 0xc01002dc 0xc0106432 0xc0118fa4 
    kern/trap/trap.c:158: trap_dispatch+145
ebp:0xc0118f80 eip:0xc0101ed8 args:0xc0118f8c 0x0000807c 0x00010094 0xc0118ff8 
    kern/trap/trap.c:195: trap+20
ebp:0xc0118ff8 eip:0xc0102963 args:0xc010631c 0xc0106324 0xc0100d67 0xc0106343 
    kern/trap/trapentry.S:24: <unknown>+0
Welcome to the kernel debug monitor!!
Type 'help' for a list of commands.
